2014-02-24T09:34:19: ********************************************************************************
2014-02-24T09:34:19: *                                    ctlike                                    *
2014-02-24T09:34:19: * ---------------------------------------------------------------------------- *
2014-02-24T09:34:19: * Version: 00-05-00                                                            *
2014-02-24T09:34:19: ********************************************************************************
2014-02-24T09:34:20: +============+
2014-02-24T09:34:20: | Parameters |
2014-02-24T09:34:20: +============+
2014-02-24T09:34:20:  infile ....................: events.fits
2014-02-24T09:34:20:  stat ......................: POISSON
2014-02-24T09:34:20:  refit .....................: no
2014-02-24T09:34:20:  edisp .....................: no
2014-02-24T09:34:20:  caldb .....................: /usr/local/gamma/share/caldb/cta
2014-02-24T09:34:20:  irf .......................: kb_I_50h_v3
2014-02-24T09:34:20:  srcmdl ....................: model.xml
2014-02-24T09:34:20:  outmdl ....................: results_edisp_no.xml
2014-02-24T09:34:20:  chatter ...................: 2
2014-02-24T09:34:20:  clobber ...................: yes
2014-02-24T09:34:20:  debug .....................: no
2014-02-24T09:34:20:  mode ......................: ql
2014-02-24T09:34:20:  logfile ...................: results_edisp_no_ctlike.log
2014-02-24T09:34:20: 
2014-02-24T09:34:20: +=============+
2014-02-24T09:34:20: | Observation |
2014-02-24T09:34:20: +=============+
2014-02-24T09:34:20: === GObservations ===
2014-02-24T09:34:20:  Number of observations ....: 1
2014-02-24T09:34:20:  Number of predicted events : 0
2014-02-24T09:34:20: === GCTAObservation ===
2014-02-24T09:34:20:  Name ......................: 
2014-02-24T09:34:20:  Identifier ................: 
2014-02-24T09:34:20:  Instrument ................: CTA
2014-02-24T09:34:20:  Statistics ................: POISSON
2014-02-24T09:34:20:  Ontime ....................: 3600 s
2014-02-24T09:34:20:  Livetime ..................: 3420 s
2014-02-24T09:34:20:  Deadtime correction .......: 0.95
2014-02-24T09:34:20: === GCTAPointing ===
2014-02-24T09:34:20:  Pointing direction ........: (RA,Dec)=(0,0)
2014-02-24T09:34:20: === GCTAResponse ===
2014-02-24T09:34:20:  Response name .............: kb_I_50h_v3
2014-02-24T09:34:20:  Energy dispersion .........: Not used
2014-02-24T09:34:20: === GCaldb ===
2014-02-24T09:34:20:  Database root .............: /usr/local/gamma/share/caldb/cta
2014-02-24T09:34:20: === GCTAAeffPerfTable ===
2014-02-24T09:34:20:  Filename ..................: /usr/local/gamma/share/caldb/cta/kb_I_50h_v3.dat
2014-02-24T09:34:20:  Number of energy bins .....: 20
2014-02-24T09:34:20:  Log10(Energy) range .......: 0.0199526 - 125.893 TeV
2014-02-24T09:34:20:  Offset angle dependence ...: Fixed sigma=3
2014-02-24T09:34:20: === GCTAPsfPerfTable ===
2014-02-24T09:34:20:  Filename ..................: /usr/local/gamma/share/caldb/cta/kb_I_50h_v3.dat
2014-02-24T09:34:20:  Number of energy bins .....: 20
2014-02-24T09:34:20:  Log10(Energy) range .......: 0.0199526 - 125.893 TeV
2014-02-24T09:34:20: === GCTAEdispPerfTable ===
2014-02-24T09:34:20:  Filename ..................: /usr/local/gamma/share/caldb/cta/kb_I_50h_v3.dat
2014-02-24T09:34:20:  Number of energy bins .....: 20
2014-02-24T09:34:20:  Log10(Energy) range .......: 0.0199526 - 125.893 TeV
2014-02-24T09:34:20: === GCTABackgroundPerfTable ===
2014-02-24T09:34:20:  Filename ..................: /usr/local/gamma/share/caldb/cta/kb_I_50h_v3.dat
2014-02-24T09:34:20:  Number of energy bins .....: 20
2014-02-24T09:34:20:  Log10(Energy) range .......: 0.0199526 - 125.893 TeV
2014-02-24T09:34:20:  Offset angle dependence ...: Fixed sigma=3
2014-02-24T09:34:20: === GCTAEventList ===
2014-02-24T09:34:20:  Number of events ..........: 100300
2014-02-24T09:34:20:  Time interval .............: 51544.5 - 51544.5 days
2014-02-24T09:34:20: 
2014-02-24T09:34:20: +=================================+
2014-02-24T09:34:20: | Maximum likelihood optimisation |
2014-02-24T09:34:20: +=================================+
2014-02-24T09:34:20:  *Iteration   0: logL=-5612.323, Lambda=1.0e-03
2014-02-24T09:34:21:  *Iteration   1: logL=-4411.334, Lambda=1.0e-03, delta=1200.989, max(|grad|)=-14912.480511 [Mean:3]
2014-02-24T09:34:21:  *Iteration   2: logL=-4241.406, Lambda=1.0e-04, delta=169.928, max(|grad|)=-5937.014932 [Mean:3]
2014-02-24T09:34:21:  *Iteration   3: logL=-4234.180, Lambda=1.0e-05, delta=7.226, max(|grad|)=-914.563274 [Mean:3]
2014-02-24T09:34:22:  *Iteration   4: logL=-4234.068, Lambda=1.0e-06, delta=0.111, max(|grad|)=-85.739501 [Mean:3]
2014-02-24T09:34:22:  *Iteration   5: logL=-4234.067, Lambda=1.0e-07, delta=0.001, max(|grad|)=-9.581950 [Mean:3]
2014-02-24T09:34:23:  *Iteration   6: logL=-4234.067, Lambda=1.0e-08, delta=0.000, max(|grad|)=-0.903738 [Mean:3]
2014-02-24T09:34:23:  *Iteration   7: logL=-4234.067, Lambda=1.0e-09, delta=0.000, max(|grad|)=-0.098384 [Mean:3]
2014-02-24T09:34:24: 
2014-02-24T09:34:24: +=========================================+
2014-02-24T09:34:24: | Maximum likelihood optimization results |
2014-02-24T09:34:24: +=========================================+
2014-02-24T09:34:24: === GOptimizerLM ===
2014-02-24T09:34:24:  Optimized function value ..: 4234.067
2014-02-24T09:34:24:  Absolute precision ........: 1e-06
2014-02-24T09:34:24:  Optimization status .......: converged
2014-02-24T09:34:24:  Number of parameters ......: 6
2014-02-24T09:34:24:  Number of free parameters .: 3
2014-02-24T09:34:24:  Number of iterations ......: 7
2014-02-24T09:34:24:  Lambda ....................: 1e-10
2014-02-24T09:34:24:  Maximum log likelihood ....: -4234.067
2014-02-24T09:34:24:  Observed events  (Nobs) ...: 100300.000
2014-02-24T09:34:24:  Predicted events (Npred) ..: 100300.000 (Nobs - Npred = 1.05123e-07)
2014-02-24T09:34:24: === GModels ===
2014-02-24T09:34:24:  Number of models ..........: 1
2014-02-24T09:34:24:  Number of parameters ......: 6
2014-02-24T09:34:24: === GModelSky ===
2014-02-24T09:34:24:  Name ......................: Johnny Cash
2014-02-24T09:34:24:  Instruments ...............: all
2014-02-24T09:34:24:  Instrument scale factors ..: unity
2014-02-24T09:34:24:  Observation identifiers ...: all
2014-02-24T09:34:24:  Model type ................: PointSource
2014-02-24T09:34:24:  Model components ..........: "SkyDirFunction" * "Gaussian" * "Constant"
2014-02-24T09:34:24:  Number of parameters ......: 6
2014-02-24T09:34:24:  Number of spatial par's ...: 2
2014-02-24T09:34:24:   RA .......................: 0 [-360,360] deg (fixed,scale=1)
2014-02-24T09:34:24:   DEC ......................: 0 [-90,90] deg (fixed,scale=1)
2014-02-24T09:34:24:  Number of spectral par's ..: 3
2014-02-24T09:34:24:   Normalization ............: 1.00163e-09 +/- 3.1659e-12 [1e-16,1e-06] ph/cm2/s (free,scale=1e-09)
2014-02-24T09:34:24:   Mean .....................: 1.00047e+07 +/- 3584.42 [100000,1e+09] MeV (free,scale=1e+07)
2014-02-24T09:34:24:   Sigma ....................: 1.11942e+06 +/- 2479.5 [10000,1e+08] MeV (free,scale=1e+06)
2014-02-24T09:34:24:  Number of temporal par's ..: 1
2014-02-24T09:34:24:   Constant .................: 1 (relative value) (fixed,scale=1,gradient)
2014-02-24T09:34:24: 
2014-02-24T09:34:24: +==============+
2014-02-24T09:34:24: | Save results |
2014-02-24T09:34:24: +==============+
2014-02-24T09:34:24: 
2014-02-24T09:34:24: Application "ctlike" terminated after 5 wall clock seconds, consuming 4.1746 seconds of CPU time.
